<?xml version="1.0" encoding="UTF-8"?>
<testng-results skipped="0" failed="0" ignored="0" total="3" passed="3">
  <reporter-output>
  </reporter-output>
  <suite name="Default suite" duration-ms="95" started-at="2019-11-01T13:59:27 EST" finished-at="2019-11-01T13:59:27 EST">
    <groups>
    </groups>
    <test name="Default test" duration-ms="95" started-at="2019-11-01T13:59:27 EST" finished-at="2019-11-01T13:59:27 EST">
      <class name="com.hbt.semillero.servicios.GestionarComicPOJOTest">
        <test-method status="PASS" signature="before()[pri:0, instance:com.hbt.semillero.servicios.GestionarComicPOJOTest@1d16f93d]" name="before" is-config="true" duration-ms="35" started-at="2019-11-01T13:59:27 EST" finished-at="2019-11-01T13:59:27 EST">
          <reporter-output>
          </reporter-output>
        </test-method> <!-- before -->
        <test-method status="PASS" signature="creartComicDTOTest()[pri:0, instance:com.hbt.semillero.servicios.GestionarComicPOJOTest@1d16f93d]" name="creartComicDTOTest" duration-ms="9" started-at="2019-11-01T13:59:27 EST" finished-at="2019-11-01T13:59:27 EST">
          <reporter-output>
          </reporter-output>
        </test-method> <!-- creartComicDTOTest -->
        <test-method status="PASS" signature="eliminarComic()[pri:0, instance:com.hbt.semillero.servicios.GestionarComicPOJOTest@1d16f93d]" name="eliminarComic" duration-ms="2" started-at="2019-11-01T13:59:27 EST" finished-at="2019-11-01T13:59:27 EST">
          <reporter-output>
          </reporter-output>
        </test-method> <!-- eliminarComic -->
        <test-method status="PASS" signature="modificarComicDTO()[pri:0, instance:com.hbt.semillero.servicios.GestionarComicPOJOTest@1d16f93d]" name="modificarComicDTO" duration-ms="1" started-at="2019-11-01T13:59:27 EST" finished-at="2019-11-01T13:59:27 EST">
          <reporter-output>
          </reporter-output>
        </test-method> <!-- modificarComicDTO -->
      </class> <!-- com.hbt.semillero.servicios.GestionarComicPOJOTest -->
    </test> <!-- Default test -->
  </suite> <!-- Default suite -->
</testng-results>
