<?xml version="1.0" encoding="UTF-8"?>
<testng-results skipped="0" failed="1" ignored="2" total="3" passed="0">
  <reporter-output>
  </reporter-output>
  <suite name="Default suite" duration-ms="210" started-at="2019-11-01T10:24:12 EST" finished-at="2019-11-01T10:24:12 EST">
    <groups>
    </groups>
    <test name="Default test" duration-ms="210" started-at="2019-11-01T10:24:12 EST" finished-at="2019-11-01T10:24:12 EST">
      <class name="com.hbt.semillero.servicios.GestionarComicPOJOTest">
        <test-method status="PASS" signature="before()[pri:0, instance:com.hbt.semillero.servicios.GestionarComicPOJOTest@1d16f93d]" name="before" is-config="true" duration-ms="56" started-at="2019-11-01T10:24:12 EST" finished-at="2019-11-01T10:24:12 EST">
          <reporter-output>
          </reporter-output>
        </test-method> <!-- before -->
        <test-method status="FAIL" signature="eliminarComic()[pri:0, instance:com.hbt.semillero.servicios.GestionarComicPOJOTest@1d16f93d]" name="eliminarComic" duration-ms="14" started-at="2019-11-01T10:24:12 EST" finished-at="2019-11-01T10:24:12 EST">
          <exception class="java.lang.NullPointerException">
            <full-stacktrace>
              <![CDATA[java.lang.NullPointerException
at com.hbt.semillero.pojo.GestionarComicPOJO.buscarElemento(GestionarComicPOJO.java:133)
at com.hbt.semillero.servicios.GestionarComicPOJOTest.eliminarComic(GestionarComicPOJOTest.java:106)
at sun.reflect.NativeMethodAccessorImpl.invoke0(Native Method)
at sun.reflect.NativeMethodAccessorImpl.invoke(Unknown Source)
at sun.reflect.DelegatingMethodAccessorImpl.invoke(Unknown Source)
at java.lang.reflect.Method.invoke(Unknown Source)
at org.testng.internal.MethodInvocationHelper.invokeMethod(MethodInvocationHelper.java:133)
at org.testng.internal.TestInvoker.invokeMethod(TestInvoker.java:584)
at org.testng.internal.TestInvoker.invokeTestMethod(TestInvoker.java:172)
at org.testng.internal.MethodRunner.runInSequence(MethodRunner.java:46)
at org.testng.internal.TestInvoker$MethodInvocationAgent.invoke(TestInvoker.java:804)
at org.testng.internal.TestInvoker.invokeTestMethods(TestInvoker.java:145)
at org.testng.internal.TestMethodWorker.invokeTestMethods(TestMethodWorker.java:146)
at org.testng.internal.TestMethodWorker.run(TestMethodWorker.java:128)
at java.util.ArrayList.forEach(Unknown Source)
at org.testng.TestRunner.privateRun(TestRunner.java:770)
at org.testng.TestRunner.run(TestRunner.java:591)
at org.testng.SuiteRunner.runTest(SuiteRunner.java:402)
at org.testng.SuiteRunner.runSequentially(SuiteRunner.java:396)
at org.testng.SuiteRunner.privateRun(SuiteRunner.java:355)
at org.testng.SuiteRunner.run(SuiteRunner.java:304)
at org.testng.SuiteRunnerWorker.runSuite(SuiteRunnerWorker.java:53)
at org.testng.SuiteRunnerWorker.run(SuiteRunnerWorker.java:96)
at org.testng.TestNG.runSuitesSequentially(TestNG.java:1180)
at org.testng.TestNG.runSuitesLocally(TestNG.java:1102)
at org.testng.TestNG.runSuites(TestNG.java:1032)
at org.testng.TestNG.run(TestNG.java:1000)
at org.testng.remote.AbstractRemoteTestNG.run(AbstractRemoteTestNG.java:115)
at org.testng.remote.RemoteTestNG.initAndRun(RemoteTestNG.java:251)
at org.testng.remote.RemoteTestNG.main(RemoteTestNG.java:77)
]]>
            </full-stacktrace>
          </exception> <!-- java.lang.NullPointerException -->
          <reporter-output>
          </reporter-output>
        </test-method> <!-- eliminarComic -->
      </class> <!-- com.hbt.semillero.servicios.GestionarComicPOJOTest -->
    </test> <!-- Default test -->
  </suite> <!-- Default suite -->
</testng-results>
